<?xml version="1.0" encoding="UTF-8"?>
<testsuites name="Ezypolis web Product" time="306.815" tests="1" failures="0" errors="0">
   <testsuite name="Ezypolis web Product" tests="1" failures="0" errors="0" time="306.815" skipped="0" timestamp="22-07-2024T23:05:38" hostname="ezypolismac - 192.168.0.101" id="Test Suites/Ezypolis Web/Ezypolis web Product">
      <properties>
         <property name="deviceName" value=""/>
         <property name="devicePlatform" value=""/>
         <property name="logFolder" value="/Users/ezypolismac/git/QA-Katalon-Sena-EP/Reports/20240722_230537/Ezypolis Web/Ezypolis web Product/20240722_230537"/>
         <property name="logFiles" value="/Users/ezypolismac/git/QA-Katalon-Sena-EP/Reports/20240722_230537/Ezypolis Web/Ezypolis web Product/20240722_230537/execution0.log"/>
         <property name="attachments" value="/Users/ezypolismac/git/QA-Katalon-Sena-EP/Reports/20240722_230537/Ezypolis Web/Ezypolis web Product/20240722_230537/1721664466098.png, /Users/ezypolismac/git/QA-Katalon-Sena-EP/Reports/20240722_230537/Ezypolis Web/Ezypolis web Product/20240722_230537/1721664577792.png"/>
         <property name="hostName" value="ezypolismac - 192.168.0.101"/>
         <property name="os" value="Mac OS X 64bit"/>
         <property name="katalonVersion" value="9.4.0.212"/>
         <property name="browser" value="Chrome 126.0.0.0"/>
         <property name="hostAddress" value="192.168.0.101"/>
         <property name="sessionId" value="545ddd027d4b538ccf9b2b5c14031a02"/>
         <property name="seleniumVersion" value="3.141.59"/>
         <property name="proxyInformation" value="ProxyInformation { proxyOption=NO_PROXY, proxyServerType=HTTP, username=, password=********, proxyServerAddress=, proxyServerPort=0, executionList=&quot;&quot;, isApplyToDesiredCapabilities=true }"/>
         <property name="platform" value="Mac OS X"/>
      </properties>
      <testcase name="Test Cases/Profile Menu/Change Password" time="67.528" classname="Test Cases/Profile Menu/Change Password" status="INCOMPLETE">
         <system-out><![CDATA[22-07-2024T23:09:38 - [TEST_CASE][INCOMPLETE] - Test Cases/Profile Menu/Change Password: null

22-07-2024T23:09:38 - [TEST_STEP][PASSED] - openBrowser(""): Browser is opened with url: ''

22-07-2024T23:09:38 - [MESSAGE][WARNING] - A browser is already opened. Closing browser and opening a new one

22-07-2024T23:09:38 - [MESSAGE][INFO] - Starting 'Chrome' driver

22-07-2024T23:09:38 - [MESSAGE][INFO] - Action delay is set to 0 milliseconds

22-07-2024T23:09:39 - [MESSAGE][PASSED] - Browser is opened with url: ''

22-07-2024T23:09:39 - [TEST_STEP][PASSED] - navigateToUrl("https://staging.ezypolis.com:3001/"): Navigate to 'https://staging.ezypolis.com:3001/' successfully

22-07-2024T23:09:40 - [MESSAGE][PASSED] - Navigate to 'https://staging.ezypolis.com:3001/' successfully

22-07-2024T23:09:40 - [TEST_STEP][PASSED] - click(findTestObject("Object Repository/Profile Menu/Change Password/a_Masuk")): Object: 'Object Repository/Profile Menu/Change Password/a_Masuk' is clicked on

22-07-2024T23:09:41 - [MESSAGE][PASSED] - Object: 'Object Repository/Profile Menu/Change Password/a_Masuk' is clicked on

22-07-2024T23:09:41 - [TEST_STEP][PASSED] - setText(findTestObject("Object Repository/Profile Menu/Change Password/input_Email address_email"), "senapahlevi1@gmail.com"): Text 'senapahlevi1@gmail.com' is set on object 'Object Repository/Profile Menu/Change Password/input_Email address_email'

22-07-2024T23:09:42 - [MESSAGE][PASSED] - Text 'senapahlevi1@gmail.com' is set on object 'Object Repository/Profile Menu/Change Password/input_Email address_email'

22-07-2024T23:09:42 - [TEST_STEP][PASSED] - setEncryptedText(findTestObject("Object Repository/Profile Menu/Change Password/input_Password_password"), "RigbBhfdqODKcAsiUrg+1Q=="): Text ****** has been set on object 'Object Repository/Profile Menu/Change Password/input_Password_password'

22-07-2024T23:09:42 - [MESSAGE][PASSED] - Text ****** has been set on object 'Object Repository/Profile Menu/Change Password/input_Password_password'

22-07-2024T23:09:42 - [TEST_STEP][PASSED] - click(findTestObject("Object Repository/Profile Menu/Change Password/button_Login")): Object: 'Object Repository/Profile Menu/Change Password/button_Login' is clicked on

22-07-2024T23:09:42 - [MESSAGE][PASSED] - Object: 'Object Repository/Profile Menu/Change Password/button_Login' is clicked on

22-07-2024T23:09:42 - [TEST_STEP][PASSED] - click(findTestObject("Karir/Search and filter job User can search and filter Job/button_Setuju")): Object: 'Object Repository/Karir/Search and filter job User can search and filter Job/button_Setuju' is clicked on

22-07-2024T23:10:14 - [MESSAGE][INFO] - Unable to find the element located by 'By.xpath: //div[@id='__next']/div/div/div/div/button'. Please recheck the objects properties to make sure the desired element is located. 

22-07-2024T23:10:14 - [MESSAGE][WARNING] - [SELF-HEALING] Failed to find element with id 'Object Repository/Karir/Search and filter job User can search and filter Job/button_Setuju'. Try using Self-healing.

22-07-2024T23:10:14 - [MESSAGE][WARNING] - [SELF-HEALING] The current locator of test object 'Object Repository/Karir/Search and filter job User can search and filter Job/button_Setuju' was broken. Propose an alternative one: '//button'.

22-07-2024T23:10:14 - [MESSAGE][PASSED] - Object: 'Object Repository/Karir/Search and filter job User can search and filter Job/button_Setuju' is clicked on

22-07-2024T23:10:14 - [TEST_STEP][INCOMPLETE] - click(findTestObject("Object Repository/Profile Menu/Change Password/span_Hi sena pahlevi")): [SELF-HEALING] The current locator of test object 'Object Repository/Profile Menu/Change Password/span_Hi sena pahlevi' was broken. Propose an alternative one: '//span'.

22-07-2024T23:10:45 - [MESSAGE][INFO] - Unable to find the element located by 'By.xpath: //button[@id='headlessui-popover-button-1']/span'. Please recheck the objects properties to make sure the desired element is located. 

22-07-2024T23:10:45 - [MESSAGE][WARNING] - [SELF-HEALING] Failed to find element with id 'Object Repository/Profile Menu/Change Password/span_Hi sena pahlevi'. Try using Self-healing.

22-07-2024T23:10:45 - [MESSAGE][WARNING] - [SELF-HEALING] The current locator of test object 'Object Repository/Profile Menu/Change Password/span_Hi sena pahlevi' was broken. Propose an alternative one: '//span'.]]></system-out>
         <system-err><![CDATA[22-07-2024T23:09:38 - [TEST_CASE][INCOMPLETE] - Test Cases/Profile Menu/Change Password: null]]></system-err>
      </testcase>
      <system-out><![CDATA[22-07-2024T23:05:38 - [TEST_SUITE][INCOMPLETE] - Ezypolis web Product: null]]></system-out>
      <system-err><![CDATA[22-07-2024T23:05:38 - [TEST_SUITE][INCOMPLETE] - Ezypolis web Product: null]]></system-err>
   </testsuite>
</testsuites>
